<?xml version="1.0" encoding="UTF-8"?>
<!-- Generated by org.testng.reporters.JUnitReportReporter -->
<testsuite skipped="0" hostname="BDC6-DX-3QZ1N62" name="OnlineShoppingTest.OnlineShoppingTest" tests="4" failures="0" timestamp="23 Apr 2019 07:51:05 GMT" time="13.397" errors="0">
  <testcase name="testRegistration" time="6.048" classname="OnlineShoppingTest.OnlineShoppingTest"/>
  <testcase name="testLogin" time="0.577" classname="OnlineShoppingTest.OnlineShoppingTest"/>
  <testcase name="testCart" time="5.541" classname="OnlineShoppingTest.OnlineShoppingTest"/>
  <testcase name="testPayment" time="1.231" classname="OnlineShoppingTest.OnlineShoppingTest"/>
</testsuite> <!-- OnlineShoppingTest.OnlineShoppingTest -->
