<?xml version="1.0" encoding="UTF-8"?>
<!-- Generated by org.testng.reporters.JUnitReportReporter -->
<testsuite skipped="0" hostname="BDC6-DX-3QZ1N62" name="selenium.tests.testMeMoves" tests="1" failures="0" timestamp="22 Apr 2019 02:59:23 GMT" time="77.641" errors="0">
  <testcase name="testMeAppMoves" time="77.641" classname="selenium.tests.testMeMoves"/>
</testsuite> <!-- selenium.tests.testMeMoves -->
