<?xml version="1.0" encoding="UTF-8"?>
<!-- Generated by org.testng.reporters.JUnitReportReporter -->
<testsuite skipped="0" hostname="BDC6-DX-3QZ1N62" name="selenium.tests.InternetExplorerpage" tests="1" failures="0" timestamp="17 Apr 2019 03:42:44 GMT" time="8.243" errors="0">
  <testcase name="internetHomePage" time="8.243" classname="selenium.tests.InternetExplorerpage"/>
</testsuite> <!-- selenium.tests.InternetExplorerpage -->
