<?xml version="1.0" encoding="UTF-8"?>
<!-- Generated by org.testng.reporters.JUnitReportReporter -->
<testsuite skipped="1" hostname="BDC6-DX-3QZ1N62" name="selenium.tests.FirefoxDriverHome" tests="2" failures="0" timestamp="17 Apr 2019 05:32:20 GMT" time="6.166" errors="0">
  <testcase name="testDemoWebShop" time="6.166" classname="selenium.tests.FirefoxDriverHome"/>
  <testcase name="testGoogleHomepage" classname="selenium.tests.FirefoxDriverHome">
    <skipped/>
  </testcase> <!-- testGoogleHomepage -->
</testsuite> <!-- selenium.tests.FirefoxDriverHome -->
