<?xml version="1.0" encoding="UTF-8"?>
<!-- Generated by org.testng.reporters.JUnitReportReporter -->
<testsuite skipped="0" hostname="BDC6-DX-3QZ1N62" name="selenium.tests.TestMeAppReg" tests="1" failures="0" timestamp="19 Apr 2019 03:10:02 GMT" time="1.700" errors="0">
  <testcase name="testMeReg" time="1.700" classname="selenium.tests.TestMeAppReg"/>
</testsuite> <!-- selenium.tests.TestMeAppReg -->
