<?xml version="1.0" encoding="UTF-8"?>
<!-- Generated by org.testng.reporters.JUnitReportReporter -->
<testsuite skipped="0" hostname="BDC6-DX-3QZ1N62" name="selenium.tests.TestMeAppLogin" tests="2" failures="0" timestamp="22 Apr 2019 06:54:44 GMT" time="6.712" errors="0">
  <testcase name="testLogin" time="2.971" classname="selenium.tests.TestMeAppLogin"/>
  <testcase name="testLogin" time="3.741" classname="selenium.tests.TestMeAppLogin"/>
</testsuite> <!-- selenium.tests.TestMeAppLogin -->
