<?xml version="1.0" encoding="UTF-8"?>
<!-- Generated by org.testng.reporters.JUnitReportReporter -->
<testsuite skipped="0" hostname="BDC6-DX-3QZ1N62" name="selenium.tests.ReadTestDataExcel" tests="1" failures="0" timestamp="22 Apr 2019 05:59:18 GMT" time="1.034" errors="0">
  <testcase name="testDataExcel" time="1.034" classname="selenium.tests.ReadTestDataExcel"/>
</testsuite> <!-- selenium.tests.ReadTestDataExcel -->
