<?xml version="1.0" encoding="UTF-8"?>
<!-- Generated by org.testng.reporters.JUnitReportReporter -->
<testsuite skipped="0" hostname="BDC6-DX-3QZ1N62" name="selenium.tests.Googlehomepage" tests="1" failures="0" timestamp="16 Apr 2019 11:36:56 GMT" time="9.456" errors="0">
  <testcase name="testGoogleHomePage" time="9.456" classname="selenium.tests.Googlehomepage"/>
</testsuite> <!-- selenium.tests.Googlehomepage -->
